11:42:05,711 (AWT-EventQueue-0) INFO  [uniandes.isis2304.parranderos.negocio.Parranderos] - Limpiando la BD de Parranderos
11:42:05,809 (AWT-EventQueue-0) INFO  [uniandes.isis2304.parranderos.persistencia.PersistenciaParranderos] - Borrada la base de datos
11:42:05,810 (AWT-EventQueue-0) INFO  [uniandes.isis2304.parranderos.negocio.Parranderos] - Limpiando la BD de Parranderos: Listo!
17:49:19,884 (main) INFO  [uniandes.isis2304.parranderos.interfazApp.InterfazParranderosApp] - Se encontró un archivo de configuración válido: Interfaz
17:49:19,884 (main) INFO  [uniandes.isis2304.parranderos.interfazApp.InterfazParranderosApp] - Se aplica configuración indicada en el archivo de configuración
17:49:19,896 (main) INFO  [uniandes.isis2304.parranderos.interfazApp.InterfazParranderosApp] - Se encontró un archivo de configuración válido: Tablas BD
14:00:47,574 (main) INFO  [uniandes.isis2304.parranderos.interfazApp.InterfazParranderosApp] - Se encontró un archivo de configuración válido: Interfaz
14:00:47,575 (main) INFO  [uniandes.isis2304.parranderos.interfazApp.InterfazParranderosApp] - Se aplica configuración indicada en el archivo de configuración
14:00:47,637 (main) INFO  [uniandes.isis2304.parranderos.interfazApp.InterfazParranderosApp] - Se encontró un archivo de configuración válido: Tablas BD
14:14:09,374 (main) INFO  [uniandes.isis2304.parranderos.interfazApp.InterfazParranderosApp] - Se encontró un archivo de configuración válido: Interfaz
14:14:09,375 (main) INFO  [uniandes.isis2304.parranderos.interfazApp.InterfazParranderosApp] - Se aplica configuración indicada en el archivo de configuración
14:14:09,417 (main) INFO  [uniandes.isis2304.parranderos.interfazApp.InterfazParranderosApp] - Se encontró un archivo de configuración válido: Tablas BD
14:14:47,095 (main) INFO  [uniandes.isis2304.parranderos.interfazApp.InterfazParranderosApp] - Se encontró un archivo de configuración válido: Interfaz
14:14:47,096 (main) INFO  [uniandes.isis2304.parranderos.interfazApp.InterfazParranderosApp] - Se aplica configuración indicada en el archivo de configuración
14:14:47,131 (main) INFO  [uniandes.isis2304.parranderos.interfazApp.InterfazParranderosApp] - Se encontró un archivo de configuración válido: Tablas BD
14:15:30,972 (main) INFO  [uniandes.isis2304.parranderos.interfazApp.InterfazParranderosApp] - Se encontró un archivo de configuración válido: Interfaz
14:15:30,973 (main) INFO  [uniandes.isis2304.parranderos.interfazApp.InterfazParranderosApp] - Se aplica configuración indicada en el archivo de configuración
14:15:31,009 (main) INFO  [uniandes.isis2304.parranderos.interfazApp.InterfazParranderosApp] - Se encontró un archivo de configuración válido: Tablas BD
14:39:37,976 (main) INFO  [uniandes.isis2304.parranderos.interfazApp.InterfazParranderosApp] - Se encontró un archivo de configuración válido: Interfaz
14:39:37,976 (main) INFO  [uniandes.isis2304.parranderos.interfazApp.InterfazParranderosApp] - Se aplica configuración indicada en el archivo de configuración
14:39:38,029 (main) INFO  [uniandes.isis2304.parranderos.interfazApp.InterfazParranderosApp] - Se encontró un archivo de configuración válido: Tablas BD
14:44:28,386 (main) INFO  [uniandes.isis2304.parranderos.interfazApp.InterfazParranderosApp] - Se encontró un archivo de configuración válido: Interfaz
14:44:28,387 (main) INFO  [uniandes.isis2304.parranderos.interfazApp.InterfazParranderosApp] - Se aplica configuración indicada en el archivo de configuración
14:44:28,423 (main) INFO  [uniandes.isis2304.parranderos.interfazApp.InterfazParranderosApp] - Se encontró un archivo de configuración válido: Tablas BD
15:07:54,641 (main) INFO  [uniandes.isis2304.parranderos.interfazApp.InterfazParranderosApp] - Se encontró un archivo de configuración válido: Interfaz
15:07:54,642 (main) INFO  [uniandes.isis2304.parranderos.interfazApp.InterfazParranderosApp] - Se aplica configuración indicada en el archivo de configuración
15:07:54,662 (main) INFO  [uniandes.isis2304.parranderos.interfazApp.InterfazParranderosApp] - Se encontró un archivo de configuración válido: Tablas BD
15:21:24,383 (main) INFO  [uniandes.isis2304.parranderos.interfazApp.InterfazParranderosApp] - Se encontró un archivo de configuración válido: Interfaz
15:21:24,396 (main) INFO  [uniandes.isis2304.parranderos.interfazApp.InterfazParranderosApp] - Se aplica configuración indicada en el archivo de configuración
15:21:24,417 (main) INFO  [uniandes.isis2304.parranderos.interfazApp.InterfazParranderosApp] - Se encontró un archivo de configuración válido: Tablas BD
15:24:33,456 (main) INFO  [uniandes.isis2304.parranderos.interfazApp.InterfazParranderosApp] - Se encontró un archivo de configuración válido: Interfaz
15:24:33,457 (main) INFO  [uniandes.isis2304.parranderos.interfazApp.InterfazParranderosApp] - Se aplica configuración indicada en el archivo de configuración
15:24:33,474 (main) INFO  [uniandes.isis2304.parranderos.interfazApp.InterfazParranderosApp] - Se encontró un archivo de configuración válido: Tablas BD
15:28:42,604 (main) INFO  [uniandes.isis2304.parranderos.interfazApp.InterfazParranderosApp] - Se encontró un archivo de configuración válido: Interfaz
15:28:42,605 (main) INFO  [uniandes.isis2304.parranderos.interfazApp.InterfazParranderosApp] - Se aplica configuración indicada en el archivo de configuración
15:28:42,632 (main) INFO  [uniandes.isis2304.parranderos.interfazApp.InterfazParranderosApp] - Se encontró un archivo de configuración válido: Tablas BD
15:36:58,713 (main) INFO  [uniandes.isis2304.parranderos.interfazApp.InterfazParranderosApp] - Se encontró un archivo de configuración válido: Interfaz
15:36:58,714 (main) INFO  [uniandes.isis2304.parranderos.interfazApp.InterfazParranderosApp] - Se aplica configuración indicada en el archivo de configuración
15:36:58,733 (main) INFO  [uniandes.isis2304.parranderos.interfazApp.InterfazParranderosApp] - Se encontró un archivo de configuración válido: Tablas BD
15:38:06,706 (main) INFO  [uniandes.isis2304.parranderos.interfazApp.InterfazParranderosApp] - Se encontró un archivo de configuración válido: Interfaz
15:38:06,707 (main) INFO  [uniandes.isis2304.parranderos.interfazApp.InterfazParranderosApp] - Se aplica configuración indicada en el archivo de configuración
15:38:06,729 (main) INFO  [uniandes.isis2304.parranderos.interfazApp.InterfazParranderosApp] - Se encontró un archivo de configuración válido: Tablas BD
15:39:25,574 (main) INFO  [uniandes.isis2304.parranderos.interfazApp.InterfazParranderosApp] - Se encontró un archivo de configuración válido: Interfaz
15:39:25,575 (main) INFO  [uniandes.isis2304.parranderos.interfazApp.InterfazParranderosApp] - Se aplica configuración indicada en el archivo de configuración
15:39:25,591 (main) INFO  [uniandes.isis2304.parranderos.interfazApp.InterfazParranderosApp] - Se encontró un archivo de configuración válido: Tablas BD
15:40:31,442 (main) INFO  [uniandes.isis2304.parranderos.interfazApp.InterfazParranderosApp] - Se encontró un archivo de configuración válido: Interfaz
15:40:31,443 (main) INFO  [uniandes.isis2304.parranderos.interfazApp.InterfazParranderosApp] - Se aplica configuración indicada en el archivo de configuración
15:40:31,460 (main) INFO  [uniandes.isis2304.parranderos.interfazApp.InterfazParranderosApp] - Se encontró un archivo de configuración válido: Tablas BD
18:41:54,139 (main) INFO  [uniandes.isis2304.parranderos.interfazApp.InterfazParranderosApp] - Se encontró un archivo de configuración válido: Interfaz
18:41:54,140 (main) INFO  [uniandes.isis2304.parranderos.interfazApp.InterfazParranderosApp] - Se aplica configuración indicada en el archivo de configuración
18:41:54,167 (main) INFO  [uniandes.isis2304.parranderos.interfazApp.InterfazParranderosApp] - Se encontró un archivo de configuración válido: Tablas BD
19:01:56,899 (main) INFO  [uniandes.isis2304.parranderos.interfazApp.InterfazParranderosApp] - Se encontró un archivo de configuración válido: Interfaz
19:01:56,900 (main) INFO  [uniandes.isis2304.parranderos.interfazApp.InterfazParranderosApp] - Se aplica configuración indicada en el archivo de configuración
19:01:56,920 (main) INFO  [uniandes.isis2304.parranderos.interfazApp.InterfazParranderosApp] - Se encontró un archivo de configuración válido: Tablas BD
19:02:37,685 (AWT-EventQueue-0) INFO  [uniandes.isis2304.parranderos.negocio.Parranderos] - Adicionando cliente Daniel RealesTipo de documento CCNumero de documento 1010131086Email daniel@email.com
19:02:37,968 (AWT-EventQueue-0) ERROR [uniandes.isis2304.parranderos.persistencia.PersistenciaParranderos] - Exception : Error executing SQL query "INSERT INTO ADMINS_DATOS_EMAIL(TIPO_DOC, NUM_DOC, NOMBRE) values (?, ?, ?)".
ORA-00904: "NOMBRE": invalid identifier

19:02:37,993 (AWT-EventQueue-0) INFO  [uniandes.isis2304.parranderos.negocio.Parranderos] - Cliente adicionado
19:02:37,993 (AWT-EventQueue-0) INFO  [uniandes.isis2304.parranderos.negocio.Parranderos] - Adicionando cliente email CC 1010131086 daniel@email.com
19:02:38,014 (AWT-EventQueue-0) ERROR [uniandes.isis2304.parranderos.persistencia.PersistenciaParranderos] - Exception : Error executing SQL query "INSERT INTO ADMINS_DATOS_EMAIL(id, nombre) values (?, ?)".
ORA-00904: "NOMBRE": invalid identifier

19:02:38,037 (AWT-EventQueue-0) INFO  [uniandes.isis2304.parranderos.negocio.Parranderos] - Cliente adicionado
19:11:41,657 (main) INFO  [uniandes.isis2304.parranderos.interfazApp.InterfazParranderosApp] - Se encontró un archivo de configuración válido: Interfaz
19:11:41,658 (main) INFO  [uniandes.isis2304.parranderos.interfazApp.InterfazParranderosApp] - Se aplica configuración indicada en el archivo de configuración
19:11:41,683 (main) INFO  [uniandes.isis2304.parranderos.interfazApp.InterfazParranderosApp] - Se encontró un archivo de configuración válido: Tablas BD
19:12:27,257 (AWT-EventQueue-0) INFO  [uniandes.isis2304.parranderos.negocio.Parranderos] - Adicionando cliente Daniel RealesTipo de documento CCNumero de documento 1010131086Email daniel@email.com
19:12:27,600 (AWT-EventQueue-0) INFO  [uniandes.isis2304.parranderos.negocio.Parranderos] - Cliente adicionado
19:28:18,840 (main) INFO  [uniandes.isis2304.parranderos.interfazApp.InterfazParranderosApp] - Se encontró un archivo de configuración válido: Interfaz
19:28:18,840 (main) INFO  [uniandes.isis2304.parranderos.interfazApp.InterfazParranderosApp] - Se aplica configuración indicada en el archivo de configuración
19:28:18,859 (main) INFO  [uniandes.isis2304.parranderos.interfazApp.InterfazParranderosApp] - Se encontró un archivo de configuración válido: Tablas BD
19:29:04,921 (AWT-EventQueue-0) INFO  [uniandes.isis2304.parranderos.negocio.Parranderos] - Adicionando cliente DanielTipo de documento CCNumero de documento 134567Email alkd@email.com
19:29:05,255 (AWT-EventQueue-0) ERROR [uniandes.isis2304.parranderos.persistencia.PersistenciaParranderos] - Exception : Error executing SQL query "INSERT INTOCLIENTES_GENERAL(TIPO_DOC, NUM_DOC, NOMBRE) values (?, ?, ?)".
ORA-00925: missing INTO keyword

19:29:05,279 (AWT-EventQueue-0) INFO  [uniandes.isis2304.parranderos.negocio.Parranderos] - Cliente adicionado
19:29:05,279 (AWT-EventQueue-0) INFO  [uniandes.isis2304.parranderos.negocio.Parranderos] - Adicionando cliente email CC 134567 alkd@email.com
19:29:05,307 (AWT-EventQueue-0) ERROR [uniandes.isis2304.parranderos.persistencia.PersistenciaParranderos] - Exception : Error executing SQL query "INSERT INTO CLIENTES_EMAIL(TIPO_DOC, NUM_DOC, EMAIL ) values (?, ?, ?)".
ORA-02291: integrity constraint (ISIS2304C15202210.SYS_C00546126) violated - parent key not found

19:29:05,328 (AWT-EventQueue-0) INFO  [uniandes.isis2304.parranderos.negocio.Parranderos] - Cliente adicionado
19:31:31,395 (main) INFO  [uniandes.isis2304.parranderos.interfazApp.InterfazParranderosApp] - Se encontró un archivo de configuración válido: Interfaz
19:31:31,396 (main) INFO  [uniandes.isis2304.parranderos.interfazApp.InterfazParranderosApp] - Se aplica configuración indicada en el archivo de configuración
19:31:31,414 (main) INFO  [uniandes.isis2304.parranderos.interfazApp.InterfazParranderosApp] - Se encontró un archivo de configuración válido: Tablas BD
19:32:16,917 (AWT-EventQueue-0) INFO  [uniandes.isis2304.parranderos.negocio.Parranderos] - Adicionando cliente danielTipo de documento CCNumero de documento 123546653Email daniel@email.com
19:32:17,233 (AWT-EventQueue-0) INFO  [uniandes.isis2304.parranderos.negocio.Parranderos] - Cliente adicionado
19:32:17,233 (AWT-EventQueue-0) INFO  [uniandes.isis2304.parranderos.negocio.Parranderos] - Adicionando cliente email CC 123546653 daniel@email.com
19:32:17,272 (AWT-EventQueue-0) INFO  [uniandes.isis2304.parranderos.negocio.Parranderos] - Cliente adicionado
19:32:17,281 (AWT-EventQueue-0) INFO  [uniandes.isis2304.parranderos.negocio.Parranderos] - Generando los VO de Disponibilidad Habitaciones
19:33:32,645 (main) INFO  [uniandes.isis2304.parranderos.interfazApp.InterfazParranderosApp] - Se encontró un archivo de configuración válido: Interfaz
19:33:32,645 (main) INFO  [uniandes.isis2304.parranderos.interfazApp.InterfazParranderosApp] - Se aplica configuración indicada en el archivo de configuración
19:33:32,663 (main) INFO  [uniandes.isis2304.parranderos.interfazApp.InterfazParranderosApp] - Se encontró un archivo de configuración válido: Tablas BD
19:34:07,656 (AWT-EventQueue-0) INFO  [uniandes.isis2304.parranderos.negocio.Parranderos] - Adicionando cliente danielTipo de documento CCNumero de documento 2987575784Email daniel@email.com
19:34:07,984 (AWT-EventQueue-0) INFO  [uniandes.isis2304.parranderos.negocio.Parranderos] - Cliente adicionado
19:34:07,984 (AWT-EventQueue-0) INFO  [uniandes.isis2304.parranderos.negocio.Parranderos] - Adicionando cliente email CC 2987575784 daniel@email.com
19:34:08,024 (AWT-EventQueue-0) ERROR [uniandes.isis2304.parranderos.persistencia.PersistenciaParranderos] - Exception : Error executing SQL query "INSERT INTO CLIENTES_EMAIL (TIPO_DOC, NUM_DOC, EMAIL ) values (?, ?, ?)".
ORA-00001: unique constraint (ISIS2304C15202210.CLIENTES_EMAIL_UNIQUE_EMAIL) violated

19:34:08,045 (AWT-EventQueue-0) INFO  [uniandes.isis2304.parranderos.negocio.Parranderos] - Cliente adicionado
19:38:06,051 (main) INFO  [uniandes.isis2304.parranderos.interfazApp.InterfazParranderosApp] - Se encontró un archivo de configuración válido: Interfaz
19:38:06,052 (main) INFO  [uniandes.isis2304.parranderos.interfazApp.InterfazParranderosApp] - Se aplica configuración indicada en el archivo de configuración
19:38:06,071 (main) INFO  [uniandes.isis2304.parranderos.interfazApp.InterfazParranderosApp] - Se encontró un archivo de configuración válido: Tablas BD
19:39:06,940 (AWT-EventQueue-0) INFO  [uniandes.isis2304.parranderos.negocio.Parranderos] - Adicionando cliente dnljkadTipo de documento CCNumero de documento 49859458Email daniel@gmail.com.co.edu
19:39:07,252 (AWT-EventQueue-0) INFO  [uniandes.isis2304.parranderos.negocio.Parranderos] - Cliente adicionado
19:39:07,252 (AWT-EventQueue-0) INFO  [uniandes.isis2304.parranderos.negocio.Parranderos] - Adicionando cliente email CC 49859458 daniel@gmail.com.co.edu
19:39:07,289 (AWT-EventQueue-0) INFO  [uniandes.isis2304.parranderos.negocio.Parranderos] - Cliente adicionado
19:39:07,300 (AWT-EventQueue-0) INFO  [uniandes.isis2304.parranderos.negocio.Parranderos] - Generando los VO de Disponibilidad Habitaciones
19:41:26,683 (main) INFO  [uniandes.isis2304.parranderos.interfazApp.InterfazParranderosApp] - Se encontró un archivo de configuración válido: Interfaz
19:41:26,684 (main) INFO  [uniandes.isis2304.parranderos.interfazApp.InterfazParranderosApp] - Se aplica configuración indicada en el archivo de configuración
19:41:26,701 (main) INFO  [uniandes.isis2304.parranderos.interfazApp.InterfazParranderosApp] - Se encontró un archivo de configuración válido: Tablas BD
19:42:10,614 (AWT-EventQueue-0) INFO  [uniandes.isis2304.parranderos.negocio.Parranderos] - Adicionando cliente danielrTipo de documento CCNumero de documento 67929847Email daniel@prueba1.com
19:42:10,941 (AWT-EventQueue-0) INFO  [uniandes.isis2304.parranderos.negocio.Parranderos] - Cliente adicionado
19:42:10,941 (AWT-EventQueue-0) INFO  [uniandes.isis2304.parranderos.negocio.Parranderos] - Adicionando cliente email CC 67929847 daniel@prueba1.com
19:42:10,976 (AWT-EventQueue-0) INFO  [uniandes.isis2304.parranderos.negocio.Parranderos] - Cliente adicionado
19:42:10,985 (AWT-EventQueue-0) INFO  [uniandes.isis2304.parranderos.negocio.Parranderos] - Generando los VO de Disponibilidad Habitaciones
19:44:43,638 (main) INFO  [uniandes.isis2304.parranderos.interfazApp.InterfazParranderosApp] - Se encontró un archivo de configuración válido: Interfaz
19:44:43,639 (main) INFO  [uniandes.isis2304.parranderos.interfazApp.InterfazParranderosApp] - Se aplica configuración indicada en el archivo de configuración
19:44:43,656 (main) INFO  [uniandes.isis2304.parranderos.interfazApp.InterfazParranderosApp] - Se encontró un archivo de configuración válido: Tablas BD
19:45:26,294 (AWT-EventQueue-0) INFO  [uniandes.isis2304.parranderos.negocio.Parranderos] - Adicionando cliente danielTipo de documento CCNumero de documento 4594828032Email daniel@prueba2.com
19:45:26,633 (AWT-EventQueue-0) INFO  [uniandes.isis2304.parranderos.negocio.Parranderos] - Cliente adicionado
19:45:26,633 (AWT-EventQueue-0) INFO  [uniandes.isis2304.parranderos.negocio.Parranderos] - Adicionando cliente email CC 4594828032 daniel@prueba2.com
19:45:26,672 (AWT-EventQueue-0) INFO  [uniandes.isis2304.parranderos.negocio.Parranderos] - Cliente adicionado
19:45:26,680 (AWT-EventQueue-0) INFO  [uniandes.isis2304.parranderos.negocio.Parranderos] - Generando los VO de Disponibilidad Habitaciones
19:47:25,313 (main) INFO  [uniandes.isis2304.parranderos.interfazApp.InterfazParranderosApp] - Se encontró un archivo de configuración válido: Interfaz
19:47:25,314 (main) INFO  [uniandes.isis2304.parranderos.interfazApp.InterfazParranderosApp] - Se aplica configuración indicada en el archivo de configuración
19:47:25,332 (main) INFO  [uniandes.isis2304.parranderos.interfazApp.InterfazParranderosApp] - Se encontró un archivo de configuración válido: Tablas BD
19:48:06,763 (AWT-EventQueue-0) INFO  [uniandes.isis2304.parranderos.negocio.Parranderos] - Adicionando cliente danielTipo de documento CCNumero de documento 1010131056Email d@g.com
19:48:07,104 (AWT-EventQueue-0) INFO  [uniandes.isis2304.parranderos.negocio.Parranderos] - Cliente adicionado
19:48:07,104 (AWT-EventQueue-0) INFO  [uniandes.isis2304.parranderos.negocio.Parranderos] - Adicionando cliente email CC 1010131056 d@g.com
19:48:07,141 (AWT-EventQueue-0) INFO  [uniandes.isis2304.parranderos.negocio.Parranderos] - Cliente adicionado
19:48:07,151 (AWT-EventQueue-0) INFO  [uniandes.isis2304.parranderos.negocio.Parranderos] - Generando los VO de Disponibilidad Habitaciones
19:49:35,222 (main) INFO  [uniandes.isis2304.parranderos.interfazApp.InterfazParranderosApp] - Se encontró un archivo de configuración válido: Interfaz
19:49:35,223 (main) INFO  [uniandes.isis2304.parranderos.interfazApp.InterfazParranderosApp] - Se aplica configuración indicada en el archivo de configuración
19:49:35,240 (main) INFO  [uniandes.isis2304.parranderos.interfazApp.InterfazParranderosApp] - Se encontró un archivo de configuración válido: Tablas BD
19:50:27,752 (AWT-EventQueue-0) INFO  [uniandes.isis2304.parranderos.negocio.Parranderos] - Adicionando cliente danielrTipo de documento CCNumero de documento 10134Email daniel@f.com
19:50:28,190 (AWT-EventQueue-0) INFO  [uniandes.isis2304.parranderos.negocio.Parranderos] - Cliente adicionado
19:50:28,190 (AWT-EventQueue-0) INFO  [uniandes.isis2304.parranderos.negocio.Parranderos] - Adicionando cliente email CC 10134 daniel@f.com
19:50:28,230 (AWT-EventQueue-0) INFO  [uniandes.isis2304.parranderos.negocio.Parranderos] - Cliente adicionado
19:50:28,246 (AWT-EventQueue-0) INFO  [uniandes.isis2304.parranderos.negocio.Parranderos] - Generando los VO de Disponibilidad Habitaciones
19:52:06,637 (main) INFO  [uniandes.isis2304.parranderos.interfazApp.InterfazParranderosApp] - Se encontró un archivo de configuración válido: Interfaz
19:52:06,637 (main) INFO  [uniandes.isis2304.parranderos.interfazApp.InterfazParranderosApp] - Se aplica configuración indicada en el archivo de configuración
19:52:06,654 (main) INFO  [uniandes.isis2304.parranderos.interfazApp.InterfazParranderosApp] - Se encontró un archivo de configuración válido: Tablas BD
19:52:46,576 (AWT-EventQueue-0) INFO  [uniandes.isis2304.parranderos.negocio.Parranderos] - Adicionando cliente daniel realesTipo de documento CCNumero de documento 45842004Email daniel@ph.com
19:52:46,972 (AWT-EventQueue-0) INFO  [uniandes.isis2304.parranderos.negocio.Parranderos] - Cliente adicionado
19:52:46,972 (AWT-EventQueue-0) INFO  [uniandes.isis2304.parranderos.negocio.Parranderos] - Adicionando cliente email CC 45842004 daniel@ph.com
19:52:47,007 (AWT-EventQueue-0) INFO  [uniandes.isis2304.parranderos.negocio.Parranderos] - Cliente adicionado
19:52:47,015 (AWT-EventQueue-0) INFO  [uniandes.isis2304.parranderos.negocio.Parranderos] - Generando los VO de Disponibilidad Habitaciones
19:55:07,317 (main) INFO  [uniandes.isis2304.parranderos.interfazApp.InterfazParranderosApp] - Se encontró un archivo de configuración válido: Interfaz
19:55:07,318 (main) INFO  [uniandes.isis2304.parranderos.interfazApp.InterfazParranderosApp] - Se aplica configuración indicada en el archivo de configuración
19:55:07,336 (main) INFO  [uniandes.isis2304.parranderos.interfazApp.InterfazParranderosApp] - Se encontró un archivo de configuración válido: Tablas BD
19:55:41,082 (AWT-EventQueue-0) INFO  [uniandes.isis2304.parranderos.negocio.Parranderos] - Adicionando cliente daniel rTipo de documento CCNumero de documento 5674998Email danielpgf@gmial
19:55:41,423 (AWT-EventQueue-0) INFO  [uniandes.isis2304.parranderos.negocio.Parranderos] - Cliente adicionado
19:55:41,423 (AWT-EventQueue-0) INFO  [uniandes.isis2304.parranderos.negocio.Parranderos] - Adicionando cliente email CC 5674998 danielpgf@gmial
19:55:41,456 (AWT-EventQueue-0) INFO  [uniandes.isis2304.parranderos.negocio.Parranderos] - Cliente adicionado
19:55:41,464 (AWT-EventQueue-0) INFO  [uniandes.isis2304.parranderos.negocio.Parranderos] - Generando los VO de Disponibilidad Habitaciones
19:58:22,653 (main) INFO  [uniandes.isis2304.parranderos.interfazApp.InterfazParranderosApp] - Se encontró un archivo de configuración válido: Interfaz
19:58:22,654 (main) INFO  [uniandes.isis2304.parranderos.interfazApp.InterfazParranderosApp] - Se aplica configuración indicada en el archivo de configuración
19:58:22,673 (main) INFO  [uniandes.isis2304.parranderos.interfazApp.InterfazParranderosApp] - Se encontró un archivo de configuración válido: Tablas BD
19:58:57,875 (AWT-EventQueue-0) INFO  [uniandes.isis2304.parranderos.negocio.Parranderos] - Adicionando cliente daniel rTipo de documento CCNumero de documento 98274578Email lakdfjkf@email.cu
19:58:58,233 (AWT-EventQueue-0) INFO  [uniandes.isis2304.parranderos.negocio.Parranderos] - Cliente adicionado
19:58:58,234 (AWT-EventQueue-0) INFO  [uniandes.isis2304.parranderos.negocio.Parranderos] - Adicionando cliente email CC 98274578 lakdfjkf@email.cu
19:58:58,281 (AWT-EventQueue-0) INFO  [uniandes.isis2304.parranderos.negocio.Parranderos] - Cliente adicionado
19:58:58,290 (AWT-EventQueue-0) INFO  [uniandes.isis2304.parranderos.negocio.Parranderos] - Generando los VO de Disponibilidad Habitaciones
19:58:58,345 (AWT-EventQueue-0) INFO  [uniandes.isis2304.parranderos.negocio.Parranderos] - Generando los VO de Tipos de bebida: 4 existentes
20:58:54,141 (main) INFO  [uniandes.isis2304.parranderos.interfazApp.InterfazParranderosApp] - Se encontró un archivo de configuración válido: Interfaz
20:58:54,142 (main) INFO  [uniandes.isis2304.parranderos.interfazApp.InterfazParranderosApp] - Se aplica configuración indicada en el archivo de configuración
20:58:54,191 (main) INFO  [uniandes.isis2304.parranderos.interfazApp.InterfazParranderosApp] - Se encontró un archivo de configuración válido: Tablas BD
20:59:51,762 (AWT-EventQueue-0) INFO  [uniandes.isis2304.parranderos.negocio.Parranderos] - Adicionando cliente Daniel Reales PabaTipo de documento CCNumero de documento 1234294857Email daniel@prueba10.com
20:59:52,136 (AWT-EventQueue-0) INFO  [uniandes.isis2304.parranderos.negocio.Parranderos] - Cliente adicionado
20:59:52,136 (AWT-EventQueue-0) INFO  [uniandes.isis2304.parranderos.negocio.Parranderos] - Adicionando cliente email CC 1234294857 daniel@prueba10.com
20:59:52,172 (AWT-EventQueue-0) INFO  [uniandes.isis2304.parranderos.negocio.Parranderos] - Cliente adicionado
20:59:52,182 (AWT-EventQueue-0) INFO  [uniandes.isis2304.parranderos.negocio.Parranderos] - Generando los VO de Disponibilidad Habitaciones
20:59:52,237 (AWT-EventQueue-0) INFO  [uniandes.isis2304.parranderos.negocio.Parranderos] - Generando los VO de Tipos de bebida: 4 existentes
21:02:49,717 (main) INFO  [uniandes.isis2304.parranderos.interfazApp.InterfazParranderosApp] - Se encontró un archivo de configuración válido: Interfaz
21:02:49,718 (main) INFO  [uniandes.isis2304.parranderos.interfazApp.InterfazParranderosApp] - Se aplica configuración indicada en el archivo de configuración
21:02:49,735 (main) INFO  [uniandes.isis2304.parranderos.interfazApp.InterfazParranderosApp] - Se encontró un archivo de configuración válido: Tablas BD
21:03:43,898 (AWT-EventQueue-0) INFO  [uniandes.isis2304.parranderos.negocio.Parranderos] - Adicionando cliente Daniel Reales Paba djTipo de documento CCNumero de documento 034958248Email email@aldlfak.com
21:03:44,231 (AWT-EventQueue-0) INFO  [uniandes.isis2304.parranderos.negocio.Parranderos] - Cliente adicionado
21:03:44,231 (AWT-EventQueue-0) INFO  [uniandes.isis2304.parranderos.negocio.Parranderos] - Adicionando cliente email CC 034958248 email@aldlfak.com
21:03:44,268 (AWT-EventQueue-0) INFO  [uniandes.isis2304.parranderos.negocio.Parranderos] - Cliente adicionado
21:03:44,277 (AWT-EventQueue-0) INFO  [uniandes.isis2304.parranderos.negocio.Parranderos] - Generando los VO de Disponibilidad Habitaciones
21:03:44,330 (AWT-EventQueue-0) INFO  [uniandes.isis2304.parranderos.negocio.Parranderos] - Generando los VO de Tipos de bebida: 4 existentes
21:03:44,366 (AWT-EventQueue-0) INFO  [uniandes.isis2304.parranderos.negocio.Parranderos] - Adicionando reserva 2022-07-03 00:00:00.0 2022-07-20 00:00:00.0 4 Preferencial 7 7 CC 1234567891
21:03:44,429 (AWT-EventQueue-0) ERROR [uniandes.isis2304.parranderos.persistencia.PersistenciaParranderos] - Exception : Error executing SQL query "SELECT hotel_andes_sequence.nextval FROM DUAL".
ORA-02289: sequence does not exist

21:03:44,429 (AWT-EventQueue-0) INFO  [uniandes.isis2304.parranderos.negocio.Parranderos] - Reserva adicionada
21:06:56,921 (main) INFO  [uniandes.isis2304.parranderos.interfazApp.InterfazParranderosApp] - Se encontró un archivo de configuración válido: Interfaz
21:06:56,922 (main) INFO  [uniandes.isis2304.parranderos.interfazApp.InterfazParranderosApp] - Se aplica configuración indicada en el archivo de configuración
21:06:56,942 (main) INFO  [uniandes.isis2304.parranderos.interfazApp.InterfazParranderosApp] - Se encontró un archivo de configuración válido: Tablas BD
21:07:40,864 (AWT-EventQueue-0) INFO  [uniandes.isis2304.parranderos.negocio.Parranderos] - Adicionando cliente Daniel alfredo realesTipo de documento CCNumero de documento 20945852Email daniel@aldfkjajk.com
21:07:41,202 (AWT-EventQueue-0) INFO  [uniandes.isis2304.parranderos.negocio.Parranderos] - Cliente adicionado
21:07:41,202 (AWT-EventQueue-0) INFO  [uniandes.isis2304.parranderos.negocio.Parranderos] - Adicionando cliente email CC 20945852 daniel@aldfkjajk.com
21:07:41,236 (AWT-EventQueue-0) INFO  [uniandes.isis2304.parranderos.negocio.Parranderos] - Cliente adicionado
21:07:41,245 (AWT-EventQueue-0) INFO  [uniandes.isis2304.parranderos.negocio.Parranderos] - Generando los VO de Disponibilidad Habitaciones
21:07:41,298 (AWT-EventQueue-0) INFO  [uniandes.isis2304.parranderos.negocio.Parranderos] - Generando los VO de Tipos de bebida: 4 existentes
21:07:41,334 (AWT-EventQueue-0) INFO  [uniandes.isis2304.parranderos.negocio.Parranderos] - Adicionando reserva 2022-07-03 00:00:00.0 2022-07-20 00:00:00.0 4 Preferencial 7 7 CC 1234567891
21:07:41,424 (AWT-EventQueue-0) ERROR [uniandes.isis2304.parranderos.persistencia.PersistenciaParranderos] - Exception : Error executing SQL query "INSERT INTO SUPERMERCADOS (ID, FECHA_ENTRADA, FECHA_SALIDA, NUM_PERSONAS, PLAN_PAGO, NUMERO_HABITACION, ID_SERVICIO_TIPO_HABITACION, RECEPCIONISTA_TIPO_DOC, RECEPCIONISTA_NUM_DOC, NUMERO_CUENTA) values (?, ?, ?, ?, ?, ?, ?, ?, ?, ?)".
ORA-00904: "NUMERO_CUENTA": invalid identifier

21:07:41,446 (AWT-EventQueue-0) INFO  [uniandes.isis2304.parranderos.negocio.Parranderos] - Reserva adicionada
21:09:27,639 (main) INFO  [uniandes.isis2304.parranderos.interfazApp.InterfazParranderosApp] - Se encontró un archivo de configuración válido: Interfaz
21:09:27,639 (main) INFO  [uniandes.isis2304.parranderos.interfazApp.InterfazParranderosApp] - Se aplica configuración indicada en el archivo de configuración
21:09:27,658 (main) INFO  [uniandes.isis2304.parranderos.interfazApp.InterfazParranderosApp] - Se encontró un archivo de configuración válido: Tablas BD
21:10:04,207 (AWT-EventQueue-0) INFO  [uniandes.isis2304.parranderos.negocio.Parranderos] - Adicionando cliente Daniel Alfredo RealesTipo de documento CCNumero de documento 1209840Email da.reales@uni
21:10:04,555 (AWT-EventQueue-0) INFO  [uniandes.isis2304.parranderos.negocio.Parranderos] - Cliente adicionado
21:10:04,555 (AWT-EventQueue-0) INFO  [uniandes.isis2304.parranderos.negocio.Parranderos] - Adicionando cliente email CC 1209840 da.reales@uni
21:10:04,591 (AWT-EventQueue-0) INFO  [uniandes.isis2304.parranderos.negocio.Parranderos] - Cliente adicionado
21:10:04,599 (AWT-EventQueue-0) INFO  [uniandes.isis2304.parranderos.negocio.Parranderos] - Generando los VO de Disponibilidad Habitaciones
21:10:04,653 (AWT-EventQueue-0) INFO  [uniandes.isis2304.parranderos.negocio.Parranderos] - Generando los VO de Tipos de bebida: 4 existentes
21:10:04,688 (AWT-EventQueue-0) INFO  [uniandes.isis2304.parranderos.negocio.Parranderos] - Adicionando reserva 2022-07-03 00:00:00.0 2022-07-20 00:00:00.0 4 Preferencial 7 7 CC 1234567891
21:10:04,772 (AWT-EventQueue-0) ERROR [uniandes.isis2304.parranderos.persistencia.PersistenciaParranderos] - Exception : Error executing SQL query "INSERT INTO RESERVAS_SALONES (ID, FECHA_ENTRADA, FECHA_SALIDA, NUM_PERSONAS, PLAN_PAGO, NUMERO_HABITACION, ID_SERVICIO_TIPO_HABITACION, RECEPCIONISTA_TIPO_DOC, RECEPCIONISTA_NUM_DOC, NUMERO_CUENTA) values (?, ?, ?, ?, ?, ?, ?, ?, ?, ?)".
ORA-00904: "NUMERO_CUENTA": invalid identifier

21:10:04,806 (AWT-EventQueue-0) INFO  [uniandes.isis2304.parranderos.negocio.Parranderos] - Reserva adicionada
21:11:14,835 (main) INFO  [uniandes.isis2304.parranderos.interfazApp.InterfazParranderosApp] - Se encontró un archivo de configuración válido: Interfaz
21:11:14,835 (main) INFO  [uniandes.isis2304.parranderos.interfazApp.InterfazParranderosApp] - Se aplica configuración indicada en el archivo de configuración
21:11:14,852 (main) INFO  [uniandes.isis2304.parranderos.interfazApp.InterfazParranderosApp] - Se encontró un archivo de configuración válido: Tablas BD
21:11:59,436 (AWT-EventQueue-0) INFO  [uniandes.isis2304.parranderos.negocio.Parranderos] - Adicionando cliente Daniel Reales pabaTipo de documento CCNumero de documento 54847579Email email@.edu.cooo
21:11:59,948 (AWT-EventQueue-0) INFO  [uniandes.isis2304.parranderos.negocio.Parranderos] - Cliente adicionado
21:11:59,948 (AWT-EventQueue-0) INFO  [uniandes.isis2304.parranderos.negocio.Parranderos] - Adicionando cliente email CC 54847579 email@.edu.cooo
21:11:59,985 (AWT-EventQueue-0) INFO  [uniandes.isis2304.parranderos.negocio.Parranderos] - Cliente adicionado
21:11:59,992 (AWT-EventQueue-0) INFO  [uniandes.isis2304.parranderos.negocio.Parranderos] - Generando los VO de Disponibilidad Habitaciones
21:12:00,048 (AWT-EventQueue-0) INFO  [uniandes.isis2304.parranderos.negocio.Parranderos] - Generando los VO de Tipos de bebida: 4 existentes
21:12:00,083 (AWT-EventQueue-0) INFO  [uniandes.isis2304.parranderos.negocio.Parranderos] - Adicionando reserva 2022-07-03 00:00:00.0 2022-07-20 00:00:00.0 4 Preferencial 7 7 CC 1234567891
21:12:00,187 (AWT-EventQueue-0) INFO  [uniandes.isis2304.parranderos.negocio.Parranderos] - Reserva adicionada
21:16:24,643 (main) INFO  [uniandes.isis2304.parranderos.interfazApp.InterfazParranderosApp] - Se encontró un archivo de configuración válido: Interfaz
21:16:24,643 (main) INFO  [uniandes.isis2304.parranderos.interfazApp.InterfazParranderosApp] - Se aplica configuración indicada en el archivo de configuración
21:16:24,663 (main) INFO  [uniandes.isis2304.parranderos.interfazApp.InterfazParranderosApp] - Se encontró un archivo de configuración válido: Tablas BD
21:17:02,940 (AWT-EventQueue-0) INFO  [uniandes.isis2304.parranderos.negocio.Parranderos] - Adicionando cliente Daniel Reales PabaTipo de documento CCNumero de documento 102938012Email danie@lasdkfj
21:17:03,272 (AWT-EventQueue-0) INFO  [uniandes.isis2304.parranderos.negocio.Parranderos] - Cliente adicionado
21:17:03,272 (AWT-EventQueue-0) INFO  [uniandes.isis2304.parranderos.negocio.Parranderos] - Adicionando cliente email CC 102938012 danie@lasdkfj
21:17:03,307 (AWT-EventQueue-0) INFO  [uniandes.isis2304.parranderos.negocio.Parranderos] - Cliente adicionado
21:17:03,315 (AWT-EventQueue-0) INFO  [uniandes.isis2304.parranderos.negocio.Parranderos] - Generando los VO de Disponibilidad Habitaciones
21:17:03,366 (AWT-EventQueue-0) INFO  [uniandes.isis2304.parranderos.negocio.Parranderos] - Generando los VO de Tipos de bebida: 4 existentes
21:17:03,401 (AWT-EventQueue-0) INFO  [uniandes.isis2304.parranderos.negocio.Parranderos] - Adicionando reserva 2022-07-03 00:00:00.0 2022-07-20 00:00:00.0 5 Preferencial 7 7 CC 1234567891
21:17:03,479 (AWT-EventQueue-0) INFO  [uniandes.isis2304.parranderos.negocio.Parranderos] - Reserva adicionada
21:49:21,961 (main) INFO  [uniandes.isis2304.parranderos.interfazApp.InterfazParranderosApp] - Se encontró un archivo de configuración válido: Interfaz
21:49:21,963 (main) INFO  [uniandes.isis2304.parranderos.interfazApp.InterfazParranderosApp] - Se aplica configuración indicada en el archivo de configuración
21:49:21,984 (main) INFO  [uniandes.isis2304.parranderos.interfazApp.InterfazParranderosApp] - Se encontró un archivo de configuración válido: Tablas BD
21:49:33,344 (AWT-EventQueue-0) INFO  [uniandes.isis2304.parranderos.negocio.Parranderos] - Adicionando cuenta
21:49:33,721 (AWT-EventQueue-0) INFO  [uniandes.isis2304.parranderos.negocio.Parranderos] - Cuenta adicionada
21:49:33,727 (AWT-EventQueue-0) INFO  [uniandes.isis2304.parranderos.negocio.Parranderos] - Abriendo cuenta reserva 1 5
21:49:33,770 (AWT-EventQueue-0) ERROR [uniandes.isis2304.parranderos.persistencia.PersistenciaParranderos] - Exception : Error executing SQL query "UPDATE RESERVAS_HABITACIONES SET NUMERO_CUENTA = ? WHERE ID = ?".
ORA-02291: integrity constraint (ISIS2304C15202210.SYS_C00546120) violated - parent key not found

21:49:33,790 (AWT-EventQueue-0) INFO  [uniandes.isis2304.parranderos.negocio.Parranderos] - Cuenta abierta
21:50:42,306 (AWT-EventQueue-0) INFO  [uniandes.isis2304.parranderos.negocio.Parranderos] - Adicionando cliente danielTipo de documento CCNumero de documento 13443525Email daniel@aldkfjald.com
21:50:42,467 (AWT-EventQueue-0) INFO  [uniandes.isis2304.parranderos.negocio.Parranderos] - Cliente adicionado
21:50:42,468 (AWT-EventQueue-0) INFO  [uniandes.isis2304.parranderos.negocio.Parranderos] - Adicionando cliente email CC 13443525 daniel@aldkfjald.com
21:50:42,511 (AWT-EventQueue-0) INFO  [uniandes.isis2304.parranderos.negocio.Parranderos] - Cliente adicionado
21:50:42,515 (AWT-EventQueue-0) INFO  [uniandes.isis2304.parranderos.negocio.Parranderos] - Generando los VO de Disponibilidad Habitaciones
21:50:42,563 (AWT-EventQueue-0) INFO  [uniandes.isis2304.parranderos.negocio.Parranderos] - Generando los VO de Tipos de bebida: 4 existentes
21:50:42,609 (AWT-EventQueue-0) INFO  [uniandes.isis2304.parranderos.negocio.Parranderos] - Adicionando reserva 2022-07-03 00:00:00.0 2022-07-20 00:00:00.0 4 Preferencial 6 6 CC 1234567891
21:50:42,700 (AWT-EventQueue-0) INFO  [uniandes.isis2304.parranderos.negocio.Parranderos] - Reserva adicionada
21:50:54,300 (AWT-EventQueue-0) INFO  [uniandes.isis2304.parranderos.negocio.Parranderos] - Adicionando cuenta
21:50:54,387 (AWT-EventQueue-0) INFO  [uniandes.isis2304.parranderos.negocio.Parranderos] - Cuenta adicionada
21:50:54,390 (AWT-EventQueue-0) INFO  [uniandes.isis2304.parranderos.negocio.Parranderos] - Abriendo cuenta reserva 6 7
21:50:54,426 (AWT-EventQueue-0) INFO  [uniandes.isis2304.parranderos.negocio.Parranderos] - Cuenta abierta
18:19:52,059 (main) INFO  [uniandes.isis2304.parranderos.interfazApp.InterfazParranderosApp] - Se encontró un archivo de configuración válido: Interfaz
18:19:52,061 (main) INFO  [uniandes.isis2304.parranderos.interfazApp.InterfazParranderosApp] - Se aplica configuración indicada en el archivo de configuración
18:19:52,085 (main) INFO  [uniandes.isis2304.parranderos.interfazApp.InterfazParranderosApp] - Se encontró un archivo de configuración válido: Tablas BD
18:20:47,282 (AWT-EventQueue-0) INFO  [uniandes.isis2304.parranderos.negocio.Parranderos] - Adicionando cliente DanielTipo de documento CCNumero de documento 123445Email daniel@email.com.co
18:20:47,601 (AWT-EventQueue-0) INFO  [uniandes.isis2304.parranderos.negocio.Parranderos] - Cliente adicionado
18:20:47,601 (AWT-EventQueue-0) INFO  [uniandes.isis2304.parranderos.negocio.Parranderos] - Adicionando cliente email CC 123445 daniel@email.com.co
18:20:47,624 (AWT-EventQueue-0) INFO  [uniandes.isis2304.parranderos.negocio.Parranderos] - Cliente adicionado
18:20:47,632 (AWT-EventQueue-0) INFO  [uniandes.isis2304.parranderos.negocio.Parranderos] - Generando los VO de Disponibilidad Habitaciones
18:20:47,686 (AWT-EventQueue-0) INFO  [uniandes.isis2304.parranderos.negocio.Parranderos] - Generando los VO de Tipos de bebida: 4 existentes
18:20:47,712 (AWT-EventQueue-0) INFO  [uniandes.isis2304.parranderos.negocio.Parranderos] - Adicionando reserva 2022-07-03 00:00:00.0 2022-07-20 00:00:00.0 4 Preferencial 6 6 CC 1234567891
18:20:47,816 (AWT-EventQueue-0) ERROR [uniandes.isis2304.parranderos.persistencia.PersistenciaParranderos] - Exception : Error executing SQL query "INSERT INTO RESERVAS_HABITACIONES (ID, FECHA_ENTRADA, FECHA_SALIDA, NUM_PERSONAS, PLAN_PAGO, NUMERO_HABITACION, ID_SERVICIO_TIPO_HABITACION, RECEPCIONISTA_TIPO_DOC, RECEPCIONISTA_NUM_DOC, NUMERO_CUENTA) values (?, ?, ?, ?, ?, ?, ?, ?, ?, ?)".
ORA-00001: unique constraint (ISIS2304C15202210.RESERV_HABIT_UNIQUE_ID_IDENTIFIER) violated

18:20:47,847 (AWT-EventQueue-0) INFO  [uniandes.isis2304.parranderos.negocio.Parranderos] - Reserva adicionada
18:23:31,047 (main) INFO  [uniandes.isis2304.parranderos.interfazApp.InterfazParranderosApp] - Se encontró un archivo de configuración válido: Interfaz
18:23:31,048 (main) INFO  [uniandes.isis2304.parranderos.interfazApp.InterfazParranderosApp] - Se aplica configuración indicada en el archivo de configuración
18:23:31,070 (main) INFO  [uniandes.isis2304.parranderos.interfazApp.InterfazParranderosApp] - Se encontró un archivo de configuración válido: Tablas BD
18:24:30,056 (AWT-EventQueue-0) INFO  [uniandes.isis2304.parranderos.negocio.Parranderos] - Adicionando cliente danielrealesTipo de documento CCNumero de documento 987655021Email email@alejandro.com
18:24:30,336 (AWT-EventQueue-0) INFO  [uniandes.isis2304.parranderos.negocio.Parranderos] - Cliente adicionado
18:24:30,336 (AWT-EventQueue-0) INFO  [uniandes.isis2304.parranderos.negocio.Parranderos] - Adicionando cliente email CC 987655021 email@alejandro.com
18:24:30,355 (AWT-EventQueue-0) INFO  [uniandes.isis2304.parranderos.negocio.Parranderos] - Cliente adicionado
18:24:30,364 (AWT-EventQueue-0) INFO  [uniandes.isis2304.parranderos.negocio.Parranderos] - Generando los VO de Disponibilidad Habitaciones
18:24:30,409 (AWT-EventQueue-0) INFO  [uniandes.isis2304.parranderos.negocio.Parranderos] - Generando los VO de Tipos de bebida: 4 existentes
18:24:30,435 (AWT-EventQueue-0) INFO  [uniandes.isis2304.parranderos.negocio.Parranderos] - Adicionando reserva 2022-07-03 00:00:00.0 2022-07-20 00:00:00.0 3 Preferencial 2 2 CC 1234567891
18:24:30,486 (AWT-EventQueue-0) INFO  [uniandes.isis2304.parranderos.negocio.Parranderos] - Reserva adicionada
18:24:47,338 (AWT-EventQueue-0) INFO  [uniandes.isis2304.parranderos.negocio.Parranderos] - Adicionando cuenta
18:24:47,411 (AWT-EventQueue-0) INFO  [uniandes.isis2304.parranderos.negocio.Parranderos] - Cuenta adicionada
18:24:47,412 (AWT-EventQueue-0) INFO  [uniandes.isis2304.parranderos.negocio.Parranderos] - Abriendo cuenta reserva 22 23
18:24:47,451 (AWT-EventQueue-0) ERROR [uniandes.isis2304.parranderos.persistencia.PersistenciaParranderos] - Exception : Error executing SQL query "UPDATE RESERVAS_HABITACIONES SET NUMERO_CUENTA = ? WHERE ID = ?".
ORA-02291: integrity constraint (ISIS2304C15202210.SYS_C00546120) violated - parent key not found

18:24:47,461 (AWT-EventQueue-0) INFO  [uniandes.isis2304.parranderos.negocio.Parranderos] - Cuenta abierta
18:27:40,640 (AWT-EventQueue-0) INFO  [uniandes.isis2304.parranderos.negocio.Parranderos] - Adicionando cuenta
18:27:40,713 (AWT-EventQueue-0) INFO  [uniandes.isis2304.parranderos.negocio.Parranderos] - Cuenta adicionada
18:27:40,714 (AWT-EventQueue-0) INFO  [uniandes.isis2304.parranderos.negocio.Parranderos] - Abriendo cuenta reserva 22 24
18:27:40,725 (AWT-EventQueue-0) ERROR [uniandes.isis2304.parranderos.persistencia.PersistenciaParranderos] - Exception : Error executing SQL query "UPDATE RESERVAS_HABITACIONES SET NUMERO_CUENTA = ? WHERE ID = ?".
ORA-02291: integrity constraint (ISIS2304C15202210.SYS_C00546120) violated - parent key not found

18:27:40,734 (AWT-EventQueue-0) INFO  [uniandes.isis2304.parranderos.negocio.Parranderos] - Cuenta abierta
18:28:06,284 (AWT-EventQueue-0) INFO  [uniandes.isis2304.parranderos.negocio.Parranderos] - Adicionando cuenta
18:28:06,333 (AWT-EventQueue-0) INFO  [uniandes.isis2304.parranderos.negocio.Parranderos] - Cuenta adicionada
18:28:06,334 (AWT-EventQueue-0) INFO  [uniandes.isis2304.parranderos.negocio.Parranderos] - Abriendo cuenta reserva 23 25
18:28:06,356 (AWT-EventQueue-0) INFO  [uniandes.isis2304.parranderos.negocio.Parranderos] - Cuenta abierta
19:07:01,080 (AWT-EventQueue-0) INFO  [uniandes.isis2304.parranderos.negocio.Parranderos] - Adicionando cuenta
19:07:01,141 (AWT-EventQueue-0) INFO  [uniandes.isis2304.parranderos.negocio.Parranderos] - Cuenta adicionada
19:07:01,143 (AWT-EventQueue-0) INFO  [uniandes.isis2304.parranderos.negocio.Parranderos] - Abriendo cuenta reserva 22 26
19:07:01,172 (AWT-EventQueue-0) ERROR [uniandes.isis2304.parranderos.persistencia.PersistenciaParranderos] - Exception : Error executing SQL query "UPDATE RESERVAS_HABITACIONES SET NUMERO_CUENTA = ? WHERE ID = ?".
ORA-02291: integrity constraint (ISIS2304C15202210.SYS_C00546120) violated - parent key not found

19:07:01,183 (AWT-EventQueue-0) INFO  [uniandes.isis2304.parranderos.negocio.Parranderos] - Cuenta abierta
19:07:06,029 (AWT-EventQueue-0) INFO  [uniandes.isis2304.parranderos.negocio.Parranderos] - Adicionando cuenta
19:07:06,067 (AWT-EventQueue-0) INFO  [uniandes.isis2304.parranderos.negocio.Parranderos] - Cuenta adicionada
19:07:06,068 (AWT-EventQueue-0) INFO  [uniandes.isis2304.parranderos.negocio.Parranderos] - Abriendo cuenta reserva 21 27
19:07:06,088 (AWT-EventQueue-0) INFO  [uniandes.isis2304.parranderos.negocio.Parranderos] - Cuenta abierta
19:07:11,231 (AWT-EventQueue-0) INFO  [uniandes.isis2304.parranderos.negocio.Parranderos] - Adicionando cuenta
19:07:11,289 (AWT-EventQueue-0) INFO  [uniandes.isis2304.parranderos.negocio.Parranderos] - Cuenta adicionada
19:07:11,291 (AWT-EventQueue-0) INFO  [uniandes.isis2304.parranderos.negocio.Parranderos] - Abriendo cuenta reserva 20 28
19:07:11,318 (AWT-EventQueue-0) INFO  [uniandes.isis2304.parranderos.negocio.Parranderos] - Cuenta abierta
19:07:20,093 (AWT-EventQueue-0) INFO  [uniandes.isis2304.parranderos.negocio.Parranderos] - Adicionando cuenta
19:07:20,137 (AWT-EventQueue-0) INFO  [uniandes.isis2304.parranderos.negocio.Parranderos] - Cuenta adicionada
19:07:20,138 (AWT-EventQueue-0) INFO  [uniandes.isis2304.parranderos.negocio.Parranderos] - Abriendo cuenta reserva 19 29
19:07:20,157 (AWT-EventQueue-0) INFO  [uniandes.isis2304.parranderos.negocio.Parranderos] - Cuenta abierta
